<?xml version="1.0" encoding="UTF-8"?>
<testng-results ignored="0" total="1" passed="1" failed="0" skipped="0">
  <reporter-output>
  </reporter-output>
  <suite started-at="2023-11-06T10:36:18 IST" name="Default suite" finished-at="2023-11-06T10:36:25 IST" duration-ms="6921">
    <groups>
    </groups>
    <test started-at="2023-11-06T10:36:18 IST" name="Default test" finished-at="2023-11-06T10:36:25 IST" duration-ms="6921">
      <class name="com.abc.assign2.FileUpload">
        <test-method signature="open()[pri:0, instance:com.abc.assign2.FileUpload@3a93b025]" started-at="2023-11-06T10:36:18 IST" name="open" finished-at="2023-11-06T10:36:25 IST" duration-ms="6855" status="PASS">
          <reporter-output>
          </reporter-output>
        </test-method> <!-- open -->
      </class> <!-- com.abc.assign2.FileUpload -->
    </test> <!-- Default test -->
  </suite> <!-- Default suite -->
</testng-results>
