<?xml version="1.0" encoding="UTF-8"?>
<!-- Generated by org.testng.reporters.JUnitXMLReporter -->
<testsuite ignored="0" hostname="Chukki_Laptop" failures="1" tests="1" name="Assignment" time="0.742" errors="0" timestamp="2023-11-01T16:18:50 IST">
  <testcase classname="com.abc.assign.TestNgForPassFail$AddItem" name="ValidCredentials" time="0.0">
    <failure type="org.testng.TestNGException" message="
Cannot inject @Test annotated Method [ValidCredentials] with [class java.lang.String, class java.lang.String].
For more information on native dependency injection please refer to https://testng.org/doc/documentation-main.html#native-dependency-injection">
      <![CDATA[org.testng.TestNGException: 
Cannot inject @Test annotated Method [ValidCredentials] with [class java.lang.String, class java.lang.String].
For more information on native dependency injection please refer to https://testng.org/doc/documentation-main.html#native-dependency-injection
at java.base/java.util.ArrayList.forEach(ArrayList.java:1511)
... Removed 26 stack frames]]>
    </failure>
  </testcase> <!-- ValidCredentials -->
</testsuite> <!-- Assignment -->
